<?xml version="1.0" encoding="UTF-8" ?>
<testsuite failures="0" time="0.001" errors="0" skipped="0" tests="2" name="com.mycompany.ohmawebkauppa.sovelluslogiikka.ohjaus.OstoksenPoistoKoristaTest">
  <properties>
    <property name="java.runtime.name" value="OpenJDK Runtime Environment"/>
    <property name="sun.boot.library.path" value="/usr/lib/jvm/java-7-openjdk/jre/lib/i386"/>
    <property name="java.vm.version" value="23.7-b01"/>
    <property name="java.vm.vendor" value="Oracle Corporation"/>
    <property name="java.vendor.url" value="http://java.oracle.com/"/>
    <property name="path.separator" value=":"/>
    <property name="java.vm.name" value="OpenJDK Server VM"/>
    <property name="file.encoding.pkg" value="sun.io"/>
    <property name="user.country" value="US"/>
    <property name="sun.java.launcher" value="SUN_STANDARD"/>
    <property name="sun.os.patch.level" value="unknown"/>
    <property name="java.vm.specification.name" value="Java Virtual Machine Specification"/>
    <property name="user.dir" value="/home/markus/Documents/Koulu/Ohtu/ohtu_markusno/viikko3/KumpulaBiershop"/>
    <property name="java.runtime.version" value="1.7.0_15-b20"/>
    <property name="java.awt.graphicsenv" value="sun.awt.X11GraphicsEnvironment"/>
    <property name="basedir" value="/home/markus/Documents/Koulu/Ohtu/ohtu_markusno/viikko3/KumpulaBiershop"/>
    <property name="java.endorsed.dirs" value="/usr/lib/jvm/java-7-openjdk/jre/lib/endorsed"/>
    <property name="os.arch" value="i386"/>
    <property name="surefire.real.class.path" value="/tmp/surefirebooter3856655951964310777.jar:/tmp/jacocoagent538637241085115444.jar"/>
    <property name="java.io.tmpdir" value="/tmp"/>
    <property name="line.separator" value="
"/>
    <property name="java.vm.specification.vendor" value="Oracle Corporation"/>
    <property name="os.name" value="Linux"/>
    <property name="sun.jnu.encoding" value="UTF-8"/>
    <property name="java.library.path" value="/usr/java/packages/lib/i386:/usr/lib/jni:/lib:/usr/lib"/>
    <property name="surefire.test.class.path" value="/home/markus/Documents/Koulu/Ohtu/ohtu_markusno/viikko3/KumpulaBiershop/target/test-classes:/home/markus/Documents/Koulu/Ohtu/ohtu_markusno/viikko3/KumpulaBiershop/target/classes:/home/markus/.m2/repository/com/google/code/gson/gson/1.7.1/gson-1.7.1.jar:/home/markus/.m2/repository/javax/javaee-web-api/6.0/javaee-web-api-6.0.jar:/home/markus/.m2/repository/junit/junit/4.8.2/junit-4.8.2.jar:/home/markus/.m2/repository/org/seleniumhq/selenium/selenium-java/2.6.0/selenium-java-2.6.0.jar:/home/markus/.m2/repository/org/seleniumhq/selenium/selenium-android-driver/2.6.0/selenium-android-driver-2.6.0.jar:/home/markus/.m2/repository/org/seleniumhq/selenium/selenium-remote-driver/2.6.0/selenium-remote-driver-2.6.0.jar:/home/markus/.m2/repository/cglib/cglib-nodep/2.1_3/cglib-nodep-2.1_3.jar:/home/markus/.m2/repository/org/json/json/20080701/json-20080701.jar:/home/markus/.m2/repository/org/seleniumhq/selenium/selenium-api/2.6.0/selenium-api-2.6.0.jar:/home/markus/.m2/repository/com/google/guava/guava/r09/guava-r09.jar:/home/markus/.m2/repository/org/apache/httpcomponents/httpclient/4.1.2/httpclient-4.1.2.jar:/home/markus/.m2/repository/org/apache/httpcomponents/httpcore/4.1.2/httpcore-4.1.2.jar:/home/markus/.m2/repository/commons-logging/commons-logging/1.1.1/commons-logging-1.1.1.jar:/home/markus/.m2/repository/commons-codec/commons-codec/1.4/commons-codec-1.4.jar:/home/markus/.m2/repository/org/seleniumhq/selenium/selenium-chrome-driver/2.6.0/selenium-chrome-driver-2.6.0.jar:/home/markus/.m2/repository/org/seleniumhq/selenium/selenium-htmlunit-driver/2.6.0/selenium-htmlunit-driver-2.6.0.jar:/home/markus/.m2/repository/net/sourceforge/htmlunit/htmlunit/2.9/htmlunit-2.9.jar:/home/markus/.m2/repository/xalan/xalan/2.7.1/xalan-2.7.1.jar:/home/markus/.m2/repository/xalan/serializer/2.7.1/serializer-2.7.1.jar:/home/markus/.m2/repository/xml-apis/xml-apis/1.3.04/xml-apis-1.3.04.jar:/home/markus/.m2/repository/commons-collections/commons-collections/3.2.1/commons-collections-3.2.1.jar:/home/markus/.m2/repository/commons-lang/commons-lang/2.5/commons-lang-2.5.jar:/home/markus/.m2/repository/org/apache/httpcomponents/httpmime/4.1.2/httpmime-4.1.2.jar:/home/markus/.m2/repository/net/sourceforge/htmlunit/htmlunit-core-js/2.9/htmlunit-core-js-2.9.jar:/home/markus/.m2/repository/xerces/xercesImpl/2.9.1/xercesImpl-2.9.1.jar:/home/markus/.m2/repository/net/sourceforge/nekohtml/nekohtml/1.9.15/nekohtml-1.9.15.jar:/home/markus/.m2/repository/net/sourceforge/cssparser/cssparser/0.9.5/cssparser-0.9.5.jar:/home/markus/.m2/repository/org/w3c/css/sac/1.3/sac-1.3.jar:/home/markus/.m2/repository/commons-io/commons-io/1.4/commons-io-1.4.jar:/home/markus/.m2/repository/org/seleniumhq/selenium/selenium-firefox-driver/2.6.0/selenium-firefox-driver-2.6.0.jar:/home/markus/.m2/repository/org/seleniumhq/selenium/selenium-ie-driver/2.6.0/selenium-ie-driver-2.6.0.jar:/home/markus/.m2/repository/net/java/dev/jna/jna/3.3.0/jna-3.3.0.jar:/home/markus/.m2/repository/org/seleniumhq/selenium/selenium-iphone-driver/2.6.0/selenium-iphone-driver-2.6.0.jar:/home/markus/.m2/repository/org/seleniumhq/selenium/selenium-support/2.6.0/selenium-support-2.6.0.jar:/home/markus/.m2/repository/org/jbehave/jbehave-core/3.4.5/jbehave-core-3.4.5.jar:/home/markus/.m2/repository/junit/junit-dep/4.8.2/junit-dep-4.8.2.jar:/home/markus/.m2/repository/org/hamcrest/hamcrest-core/1.1/hamcrest-core-1.1.jar:/home/markus/.m2/repository/org/hamcrest/hamcrest-library/1.1/hamcrest-library-1.1.jar:/home/markus/.m2/repository/org/hamcrest/hamcrest-integration/1.1/hamcrest-integration-1.1.jar:/home/markus/.m2/repository/org/codehaus/plexus/plexus-utils/2.0.5/plexus-utils-2.0.5.jar:/home/markus/.m2/repository/org/freemarker/freemarker/2.3.16/freemarker-2.3.16.jar:/home/markus/.m2/repository/com/thoughtworks/paranamer/paranamer/2.3/paranamer-2.3.jar:/home/markus/.m2/repository/com/thoughtworks/xstream/xstream/1.3.1/xstream-1.3.1.jar:/home/markus/.m2/repository/xpp3/xpp3_min/1.1.4c/xpp3_min-1.1.4c.jar:/home/markus/.m2/repository/org/jbehave/web/jbehave-web-selenium/3.3.4/jbehave-web-selenium-3.3.4.jar:/home/markus/.m2/repository/org/seleniumhq/selenium/selenium-remote-control/2.0b3/selenium-remote-control-2.0b3.jar:"/>
    <property name="java.specification.name" value="Java Platform API Specification"/>
    <property name="java.class.version" value="51.0"/>
    <property name="sun.management.compiler" value="HotSpot Tiered Compilers"/>
    <property name="os.version" value="3.0.0-32-generic-pae"/>
    <property name="user.home" value="/home/markus"/>
    <property name="user.timezone" value="Europe/Helsinki"/>
    <property name="java.awt.printerjob" value="sun.print.PSPrinterJob"/>
    <property name="file.encoding" value="UTF-8"/>
    <property name="java.specification.version" value="1.7"/>
    <property name="user.name" value="markus"/>
    <property name="java.class.path" value="/home/markus/Documents/Koulu/Ohtu/ohtu_markusno/viikko3/KumpulaBiershop/target/test-classes:/home/markus/Documents/Koulu/Ohtu/ohtu_markusno/viikko3/KumpulaBiershop/target/classes:/home/markus/.m2/repository/com/google/code/gson/gson/1.7.1/gson-1.7.1.jar:/home/markus/.m2/repository/javax/javaee-web-api/6.0/javaee-web-api-6.0.jar:/home/markus/.m2/repository/junit/junit/4.8.2/junit-4.8.2.jar:/home/markus/.m2/repository/org/seleniumhq/selenium/selenium-java/2.6.0/selenium-java-2.6.0.jar:/home/markus/.m2/repository/org/seleniumhq/selenium/selenium-android-driver/2.6.0/selenium-android-driver-2.6.0.jar:/home/markus/.m2/repository/org/seleniumhq/selenium/selenium-remote-driver/2.6.0/selenium-remote-driver-2.6.0.jar:/home/markus/.m2/repository/cglib/cglib-nodep/2.1_3/cglib-nodep-2.1_3.jar:/home/markus/.m2/repository/org/json/json/20080701/json-20080701.jar:/home/markus/.m2/repository/org/seleniumhq/selenium/selenium-api/2.6.0/selenium-api-2.6.0.jar:/home/markus/.m2/repository/com/google/guava/guava/r09/guava-r09.jar:/home/markus/.m2/repository/org/apache/httpcomponents/httpclient/4.1.2/httpclient-4.1.2.jar:/home/markus/.m2/repository/org/apache/httpcomponents/httpcore/4.1.2/httpcore-4.1.2.jar:/home/markus/.m2/repository/commons-logging/commons-logging/1.1.1/commons-logging-1.1.1.jar:/home/markus/.m2/repository/commons-codec/commons-codec/1.4/commons-codec-1.4.jar:/home/markus/.m2/repository/org/seleniumhq/selenium/selenium-chrome-driver/2.6.0/selenium-chrome-driver-2.6.0.jar:/home/markus/.m2/repository/org/seleniumhq/selenium/selenium-htmlunit-driver/2.6.0/selenium-htmlunit-driver-2.6.0.jar:/home/markus/.m2/repository/net/sourceforge/htmlunit/htmlunit/2.9/htmlunit-2.9.jar:/home/markus/.m2/repository/xalan/xalan/2.7.1/xalan-2.7.1.jar:/home/markus/.m2/repository/xalan/serializer/2.7.1/serializer-2.7.1.jar:/home/markus/.m2/repository/xml-apis/xml-apis/1.3.04/xml-apis-1.3.04.jar:/home/markus/.m2/repository/commons-collections/commons-collections/3.2.1/commons-collections-3.2.1.jar:/home/markus/.m2/repository/commons-lang/commons-lang/2.5/commons-lang-2.5.jar:/home/markus/.m2/repository/org/apache/httpcomponents/httpmime/4.1.2/httpmime-4.1.2.jar:/home/markus/.m2/repository/net/sourceforge/htmlunit/htmlunit-core-js/2.9/htmlunit-core-js-2.9.jar:/home/markus/.m2/repository/xerces/xercesImpl/2.9.1/xercesImpl-2.9.1.jar:/home/markus/.m2/repository/net/sourceforge/nekohtml/nekohtml/1.9.15/nekohtml-1.9.15.jar:/home/markus/.m2/repository/net/sourceforge/cssparser/cssparser/0.9.5/cssparser-0.9.5.jar:/home/markus/.m2/repository/org/w3c/css/sac/1.3/sac-1.3.jar:/home/markus/.m2/repository/commons-io/commons-io/1.4/commons-io-1.4.jar:/home/markus/.m2/repository/org/seleniumhq/selenium/selenium-firefox-driver/2.6.0/selenium-firefox-driver-2.6.0.jar:/home/markus/.m2/repository/org/seleniumhq/selenium/selenium-ie-driver/2.6.0/selenium-ie-driver-2.6.0.jar:/home/markus/.m2/repository/net/java/dev/jna/jna/3.3.0/jna-3.3.0.jar:/home/markus/.m2/repository/org/seleniumhq/selenium/selenium-iphone-driver/2.6.0/selenium-iphone-driver-2.6.0.jar:/home/markus/.m2/repository/org/seleniumhq/selenium/selenium-support/2.6.0/selenium-support-2.6.0.jar:/home/markus/.m2/repository/org/jbehave/jbehave-core/3.4.5/jbehave-core-3.4.5.jar:/home/markus/.m2/repository/junit/junit-dep/4.8.2/junit-dep-4.8.2.jar:/home/markus/.m2/repository/org/hamcrest/hamcrest-core/1.1/hamcrest-core-1.1.jar:/home/markus/.m2/repository/org/hamcrest/hamcrest-library/1.1/hamcrest-library-1.1.jar:/home/markus/.m2/repository/org/hamcrest/hamcrest-integration/1.1/hamcrest-integration-1.1.jar:/home/markus/.m2/repository/org/codehaus/plexus/plexus-utils/2.0.5/plexus-utils-2.0.5.jar:/home/markus/.m2/repository/org/freemarker/freemarker/2.3.16/freemarker-2.3.16.jar:/home/markus/.m2/repository/com/thoughtworks/paranamer/paranamer/2.3/paranamer-2.3.jar:/home/markus/.m2/repository/com/thoughtworks/xstream/xstream/1.3.1/xstream-1.3.1.jar:/home/markus/.m2/repository/xpp3/xpp3_min/1.1.4c/xpp3_min-1.1.4c.jar:/home/markus/.m2/repository/org/jbehave/web/jbehave-web-selenium/3.3.4/jbehave-web-selenium-3.3.4.jar:/home/markus/.m2/repository/org/seleniumhq/selenium/selenium-remote-control/2.0b3/selenium-remote-control-2.0b3.jar:"/>
    <property name="java.vm.specification.version" value="1.7"/>
    <property name="sun.arch.data.model" value="32"/>
    <property name="java.home" value="/usr/lib/jvm/java-7-openjdk/jre"/>
    <property name="sun.java.command" value="/tmp/surefirebooter3856655951964310777.jar /tmp/surefire6938214806890653247tmp /tmp/surefire7433139569753130949tmp"/>
    <property name="java.specification.vendor" value="Oracle Corporation"/>
    <property name="user.language" value="en"/>
    <property name="awt.toolkit" value="sun.awt.X11.XToolkit"/>
    <property name="java.vm.info" value="mixed mode"/>
    <property name="java.version" value="1.7.0_15"/>
    <property name="java.ext.dirs" value="/usr/lib/jvm/java-7-openjdk/jre/lib/ext:/usr/java/packages/lib/ext"/>
    <property name="sun.boot.class.path" value="/usr/lib/jvm/java-7-openjdk/jre/lib/resources.jar:/usr/lib/jvm/java-7-openjdk/jre/lib/rt.jar:/usr/lib/jvm/java-7-openjdk/jre/lib/sunrsasign.jar:/usr/lib/jvm/java-7-openjdk/jre/lib/jsse.jar:/usr/lib/jvm/java-7-openjdk/jre/lib/jce.jar:/usr/lib/jvm/java-7-openjdk/jre/lib/charsets.jar:/usr/lib/jvm/java-7-openjdk/jre/lib/netx.jar:/usr/lib/jvm/java-7-openjdk/jre/lib/plugin.jar:/usr/lib/jvm/java-7-openjdk/jre/lib/rhino.jar:/usr/lib/jvm/java-7-openjdk/jre/lib/jfr.jar:/usr/lib/jvm/java-7-openjdk/jre/classes"/>
    <property name="java.vendor" value="Oracle Corporation"/>
    <property name="localRepository" value="/home/markus/.m2/repository"/>
    <property name="file.separator" value="/"/>
    <property name="java.vendor.url.bug" value="http://bugreport.sun.com/bugreport/"/>
    <property name="sun.cpu.endian" value="little"/>
    <property name="sun.io.unicode.encoding" value="UnicodeLittle"/>
    <property name="sun.desktop" value="gnome"/>
    <property name="sun.cpu.isalist" value=""/>
  </properties>
  <testcase time="0" classname="com.mycompany.ohmawebkauppa.sovelluslogiikka.ohjaus.OstoksenPoistoKoristaTest" name="poistettuTuoteEiEnaaKorissa"/>
  <testcase time="0" classname="com.mycompany.ohmawebkauppa.sovelluslogiikka.ohjaus.OstoksenPoistoKoristaTest" name="tuotteenMaaraKasvaa"/>
</testsuite>